0 verbose cli [ '/usr/local/bin/node', '/usr/local/bin/npm', 'run', 'watch-poll' ]
1 info using npm@7.0.8
2 info using node@v15.2.1
3 timing config:load:defaults Completed in 3ms
4 timing config:load:file:/usr/local/lib/node_modules/npm/npmrc Completed in 1ms
5 timing config:load:builtin Completed in 1ms
6 timing config:load:cli Completed in 2ms
7 timing config:load:env Completed in 0ms
8 timing config:load:file:/var/www/html/.npmrc Completed in 0ms
9 timing config:load:project Completed in 2ms
10 timing config:load:file:/root/.npmrc Completed in 0ms
11 timing config:load:user Completed in 0ms
12 timing config:load:file:/usr/local/etc/npmrc Completed in 0ms
13 timing config:load:global Completed in 0ms
14 timing config:load:cafile Completed in 0ms
15 timing config:load:validate Completed in 1ms
16 timing config:load:setUserAgent Completed in 0ms
17 timing config:load:setEnvs Completed in 2ms
18 timing config:load Completed in 12ms
19 verbose npm-session afe6249b3eff7578
20 timing npm:load Completed in 26ms
21 timing command:run-script Completed in 1237565ms
22 verbose stack Error: command failed
22 verbose stack     at ChildProcess.<anonymous> (/usr/local/lib/node_modules/npm/node_modules/@npmcli/promise-spawn/index.js:64:27)
22 verbose stack     at ChildProcess.emit (node:events:329:20)
22 verbose stack     at maybeClose (node:internal/child_process:1055:16)
22 verbose stack     at Process.ChildProcess._handle.onexit (node:internal/child_process:288:5)
23 verbose cwd /var/www/html
24 verbose Linux 4.19.128-microsoft-standard
25 verbose argv "/usr/local/bin/node" "/usr/local/bin/npm" "run" "watch-poll"
26 verbose node v15.2.1
27 verbose npm  v7.0.8
28 error path /var/www/html
29 error command failed
30 error signal SIGTERM
31 error command sh -c npm run watch -- --watch-poll
32 verbose exit 1
