0 verbose cli [ '/usr/local/bin/node', '/usr/local/bin/npm', 'run', 'watch-poll' ]
1 info using npm@7.0.8
2 info using node@v15.2.1
3 timing config:load:defaults Completed in 2ms
4 timing config:load:file:/usr/local/lib/node_modules/npm/npmrc Completed in 1ms
5 timing config:load:builtin Completed in 1ms
6 timing config:load:cli Completed in 2ms
7 timing config:load:env Completed in 1ms
8 timing config:load:file:/var/www/html/.npmrc Completed in 1ms
9 timing config:load:project Completed in 2ms
10 timing config:load:file:/root/.npmrc Completed in 0ms
11 timing config:load:user Completed in 0ms
12 timing config:load:file:/usr/local/etc/npmrc Completed in 0ms
13 timing config:load:global Completed in 0ms
14 timing config:load:cafile Completed in 1ms
15 timing config:load:validate Completed in 0ms
16 timing config:load:setUserAgent Completed in 1ms
17 timing config:load:setEnvs Completed in 1ms
18 timing config:load Completed in 11ms
19 verbose npm-session 4ac9070383aa8025
20 timing npm:load Completed in 25ms
21 http fetch GET 200 https://registry.npmjs.org/npm 417ms
22 timing command:run-script Completed in 56856ms
23 verbose stack Error: command failed
23 verbose stack     at ChildProcess.<anonymous> (/usr/local/lib/node_modules/npm/node_modules/@npmcli/promise-spawn/index.js:64:27)
23 verbose stack     at ChildProcess.emit (node:events:329:20)
23 verbose stack     at maybeClose (node:internal/child_process:1055:16)
23 verbose stack     at Process.ChildProcess._handle.onexit (node:internal/child_process:288:5)
24 verbose cwd /var/www/html
25 verbose Linux 4.19.128-microsoft-standard
26 verbose argv "/usr/local/bin/node" "/usr/local/bin/npm" "run" "watch-poll"
27 verbose node v15.2.1
28 verbose npm  v7.0.8
29 error code 1
30 error path /var/www/html
31 error command failed
32 error command sh -c npm run watch -- --watch-poll
33 verbose exit 1
